<?xml version="1.0" encoding="UTF-8"?>
<!-- Generated by org.testng.reporters.JUnitReportReporter -->
<testsuite hostname="DayforcefdKPg4s" failures="0" tests="1" name="TestCases.Tests" time="1.389" errors="0" timestamp="2025-04-02T16:14:08 IST" skipped="0">
  <testcase classname="TestCases.Tests" name="invalidlogin" time="1.389"/>
  <system-out/>
</testsuite> <!-- TestCases.Tests -->
